<?xml version="1.0" encoding="utf-8"?><testsuites name="pytest tests"><testsuite name="pytest" errors="0" failures="0" skipped="0" tests="3" time="1.958" timestamp="2026-07-22T15:33:28.965228+08:00" hostname="local"><testcase classname="tests.test_smoke" name="test_ai4i_dataset_is_available_and_valid" time="0.024" /><testcase classname="tests.test_smoke" name="test_cloud_service_health_endpoint_is_registered" time="0.000" /><testcase classname="tests.test_smoke" name="test_mock_gcm_returns_structured_decision" time="0.001" /></testsuite></testsuites>
